<?xml version="1.0" encoding="UTF-8"?>
<testng-results skipped="0" failed="0" ignored="0" total="1" passed="1">
  <reporter-output>
  </reporter-output>
  <suite name="Default suite" duration-ms="100852" started-at="2021-09-27T17:19:41 IST" finished-at="2021-09-27T17:21:22 IST">
    <groups>
      <group name="cucumber">
        <method signature="AbstractTestNGCucumberTests.feature(cucumber.api.testng.CucumberFeatureWrapper)[pri:0, instance:cucumberOptions.testRunner@33b37288]" name="feature" class="cucumber.api.testng.AbstractTestNGCucumberTests"/>
      </group> <!-- cucumber -->
    </groups>
    <test name="Default test" duration-ms="100852" started-at="2021-09-27T17:19:41 IST" finished-at="2021-09-27T17:21:22 IST">
      <class name="cucumberOptions.testRunner">
        <test-method status="PASS" signature="setUpClass()[pri:0, instance:cucumberOptions.testRunner@33b37288]" name="setUpClass" is-config="true" duration-ms="224" started-at="2021-09-27T17:19:41 IST" finished-at="2021-09-27T17:19:42 IST">
          <reporter-output>
          </reporter-output>
        </test-method> <!-- setUpClass -->
        <test-method status="PASS" signature="feature(cucumber.api.testng.CucumberFeatureWrapper)[pri:0, instance:cucumberOptions.testRunner@33b37288]" name="feature" duration-ms="100263" started-at="2021-09-27T17:19:42 IST" description="Runs Cucumber Feature" data-provider="features" finished-at="2021-09-27T17:21:22 IST">
          <params>
            <param index="0">
              <value>
                <![CDATA[Testing the urban ladder site]]>
              </value>
            </param>
          </params>
          <reporter-output>
          </reporter-output>
        </test-method> <!-- feature -->
        <test-method status="PASS" signature="tearDownClass()[pri:0, instance:cucumberOptions.testRunner@33b37288]" name="tearDownClass" is-config="true" duration-ms="25" started-at="2021-09-27T17:21:22 IST" finished-at="2021-09-27T17:21:22 IST">
          <reporter-output>
          </reporter-output>
        </test-method> <!-- tearDownClass -->
      </class> <!-- cucumberOptions.testRunner -->
    </test> <!-- Default test -->
  </suite> <!-- Default suite -->
</testng-results>
