<?xml version="1.0" encoding="UTF-8"?>
<testng-results skipped="0" failed="1" ignored="0" total="8" passed="7">
  <reporter-output>
  </reporter-output>
  <suite name="Suite" duration-ms="53919" started-at="2021-09-27T10:45:32 IST" finished-at="2021-09-27T10:46:26 IST">
    <groups>
    </groups>
    <test name="validatingHomePage" duration-ms="53919" started-at="2021-09-27T10:45:32 IST" finished-at="2021-09-27T10:46:26 IST">
      <class name="com.urbanLadder.testcases.TestRunner">
        <test-method status="PASS" signature="initialize()[pri:0, instance:com.urbanLadder.testcases.TestRunner@4d0f2471]" name="initialize" is-config="true" duration-ms="13792" started-at="2021-09-27T10:45:32 IST" finished-at="2021-09-27T10:45:46 IST">
          <reporter-output>
          </reporter-output>
        </test-method> <!-- initialize -->
        <test-method status="PASS" signature="searching(java.lang.String)[pri:1, instance:com.urbanLadder.testcases.TestRunner@4d0f2471]" name="searching" duration-ms="3869" started-at="2021-09-27T10:45:46 IST" data-provider="getProduct" finished-at="2021-09-27T10:45:50 IST">
          <params>
            <param index="0">
              <value>
                <![CDATA[din]]>
              </value>
            </param>
          </params>
          <reporter-output>
          </reporter-output>
        </test-method> <!-- searching -->
        <test-method status="PASS" signature="HelpContact()[pri:2, instance:com.urbanLadder.testcases.TestRunner@4d0f2471]" name="HelpContact" duration-ms="1812" started-at="2021-09-27T10:45:50 IST" finished-at="2021-09-27T10:45:52 IST">
          <reporter-output>
          </reporter-output>
        </test-method> <!-- HelpContact -->
        <test-method status="PASS" signature="living()[pri:3, instance:com.urbanLadder.testcases.TestRunner@4d0f2471]" name="living" duration-ms="5553" started-at="2021-09-27T10:45:52 IST" finished-at="2021-09-27T10:45:58 IST">
          <reporter-output>
          </reporter-output>
        </test-method> <!-- living -->
        <test-method status="PASS" signature="GiftCoupon()[pri:4, instance:com.urbanLadder.testcases.TestRunner@4d0f2471]" name="GiftCoupon" duration-ms="5181" started-at="2021-09-27T10:45:58 IST" finished-at="2021-09-27T10:46:03 IST">
          <reporter-output>
          </reporter-output>
        </test-method> <!-- GiftCoupon -->
        <test-method status="PASS" signature="Login()[pri:5, instance:com.urbanLadder.testcases.TestRunner@4d0f2471]" name="Login" duration-ms="17144" started-at="2021-09-27T10:46:03 IST" finished-at="2021-09-27T10:46:20 IST">
          <reporter-output>
          </reporter-output>
        </test-method> <!-- Login -->
        <test-method status="FAIL" signature="StudyList()[pri:6, instance:com.urbanLadder.testcases.TestRunner@4d0f2471]" name="StudyList" duration-ms="1079" started-at="2021-09-27T10:46:20 IST" finished-at="2021-09-27T10:46:21 IST">
          <exception class="org.openqa.selenium.ElementClickInterceptedException">
            <message>
              <![CDATA[element click intercepted: Element <svg xmlns="http://www.w3.org/2000/svg" data-name="Layer 1" viewBox="0 0 30 30" class="category-icon">...</svg> is not clickable at point (469, 664). Other element would receive the click: <div class="reveal-modal-bg" style="display: block;"></div>
  (Session info: chrome=93.0.4577.82)
Build info: version: '3.141.59', revision: 'e82be7d358', time: '2018-11-14T08:17:03'
System info: host: 'DESKTOP-NB13CCC', ip: '192.168.1.9', os.name: 'Windows 10', os.arch: 'amd64', os.version: '10.0', java.version: '1.8.0_74'
Driver info: org.openqa.selenium.chrome.ChromeDriver
Capabilities {acceptInsecureCerts: false, browserName: chrome, browserVersion: 93.0.4577.82, chrome: {chromedriverVersion: 92.0.4515.107 (87a818b10553..., userDataDir: C:\Users\siva\AppData\Local...}, goog:chromeOptions: {debuggerAddress: localhost:52608}, javascriptEnabled: true, networkConnectionEnabled: false, pageLoadStrategy: normal, platform: WINDOWS, platformName: WINDOWS, proxy: Proxy(), setWindowRect: true, strictFileInteractability: false, timeouts: {implicit: 0, pageLoad: 300000, script: 30000}, unhandledPromptBehavior: dismiss and notify, webauthn:extension:credBlob: true, webauthn:extension:largeBlob: true, webauthn:virtualAuthenticators: true}
Session ID: 62702befbf41fb3a00ecdedce7854341]]>
            </message>
            <full-stacktrace>
              <![CDATA[org.openqa.selenium.ElementClickInterceptedException: element click intercepted: Element <svg xmlns="http://www.w3.org/2000/svg" data-name="Layer 1" viewBox="0 0 30 30" class="category-icon">...</svg> is not clickable at point (469, 664). Other element would receive the click: <div class="reveal-modal-bg" style="display: block;"></div>
  (Session info: chrome=93.0.4577.82)
Build info: version: '3.141.59', revision: 'e82be7d358', time: '2018-11-14T08:17:03'
System info: host: 'DESKTOP-NB13CCC', ip: '192.168.1.9', os.name: 'Windows 10', os.arch: 'amd64', os.version: '10.0', java.version: '1.8.0_74'
Driver info: org.openqa.selenium.chrome.ChromeDriver
Capabilities {acceptInsecureCerts: false, browserName: chrome, browserVersion: 93.0.4577.82, chrome: {chromedriverVersion: 92.0.4515.107 (87a818b10553..., userDataDir: C:\Users\siva\AppData\Local...}, goog:chromeOptions: {debuggerAddress: localhost:52608}, javascriptEnabled: true, networkConnectionEnabled: false, pageLoadStrategy: normal, platform: WINDOWS, platformName: WINDOWS, proxy: Proxy(), setWindowRect: true, strictFileInteractability: false, timeouts: {implicit: 0, pageLoad: 300000, script: 30000}, unhandledPromptBehavior: dismiss and notify, webauthn:extension:credBlob: true, webauthn:extension:largeBlob: true, webauthn:virtualAuthenticators: true}
Session ID: 62702befbf41fb3a00ecdedce7854341
at sun.reflect.NativeConstructorAccessorImpl.newInstance0(Native Method)
at sun.reflect.NativeConstructorAccessorImpl.newInstance(NativeConstructorAccessorImpl.java:62)
at sun.reflect.DelegatingConstructorAccessorImpl.newInstance(DelegatingConstructorAccessorImpl.java:45)
at java.lang.reflect.Constructor.newInstance(Constructor.java:423)
at org.openqa.selenium.remote.http.W3CHttpResponseCodec.createException(W3CHttpResponseCodec.java:187)
at org.openqa.selenium.remote.http.W3CHttpResponseCodec.decode(W3CHttpResponseCodec.java:122)
at org.openqa.selenium.remote.http.W3CHttpResponseCodec.decode(W3CHttpResponseCodec.java:49)
at org.openqa.selenium.remote.HttpCommandExecutor.execute(HttpCommandExecutor.java:158)
at org.openqa.selenium.remote.service.DriverCommandExecutor.execute(DriverCommandExecutor.java:83)
at org.openqa.selenium.remote.RemoteWebDriver.execute(RemoteWebDriver.java:552)
at org.openqa.selenium.remote.RemoteWebElement.execute(RemoteWebElement.java:285)
at org.openqa.selenium.remote.RemoteWebElement.click(RemoteWebElement.java:84)
at com.urbanLadder.testcases.TestRunner.StudyList(TestRunner.java:115)
at sun.reflect.NativeMethodAccessorImpl.invoke0(Native Method)
at sun.reflect.NativeMethodAccessorImpl.invoke(NativeMethodAccessorImpl.java:62)
at sun.reflect.DelegatingMethodAccessorImpl.invoke(DelegatingMethodAccessorImpl.java:43)
at java.lang.reflect.Method.invoke(Method.java:498)
at org.testng.internal.MethodInvocationHelper.invokeMethod(MethodInvocationHelper.java:133)
at org.testng.internal.TestInvoker.invokeMethod(TestInvoker.java:598)
at org.testng.internal.TestInvoker.invokeTestMethod(TestInvoker.java:173)
at org.testng.internal.MethodRunner.runInSequence(MethodRunner.java:46)
at org.testng.internal.TestInvoker$MethodInvocationAgent.invoke(TestInvoker.java:824)
at org.testng.internal.TestInvoker.invokeTestMethods(TestInvoker.java:146)
at org.testng.internal.TestMethodWorker.invokeTestMethods(TestMethodWorker.java:146)
at org.testng.internal.TestMethodWorker.run(TestMethodWorker.java:128)
at java.util.ArrayList.forEach(ArrayList.java:1249)
at org.testng.TestRunner.privateRun(TestRunner.java:794)
at org.testng.TestRunner.run(TestRunner.java:596)
at org.testng.SuiteRunner.runTest(SuiteRunner.java:377)
at org.testng.SuiteRunner.runSequentially(SuiteRunner.java:371)
at org.testng.SuiteRunner.privateRun(SuiteRunner.java:332)
at org.testng.SuiteRunner.run(SuiteRunner.java:276)
at org.testng.SuiteRunnerWorker.runSuite(SuiteRunnerWorker.java:53)
at org.testng.SuiteRunnerWorker.run(SuiteRunnerWorker.java:96)
at org.testng.TestNG.runSuitesSequentially(TestNG.java:1212)
at org.testng.TestNG.runSuitesLocally(TestNG.java:1134)
at org.testng.TestNG.runSuites(TestNG.java:1063)
at org.testng.TestNG.run(TestNG.java:1031)
at org.testng.remote.AbstractRemoteTestNG.run(AbstractRemoteTestNG.java:115)
at org.testng.remote.RemoteTestNG.initAndRun(RemoteTestNG.java:251)
at org.testng.remote.RemoteTestNG.main(RemoteTestNG.java:77)
]]>
            </full-stacktrace>
          </exception> <!-- org.openqa.selenium.ElementClickInterceptedException -->
          <reporter-output>
          </reporter-output>
        </test-method> <!-- StudyList -->
        <test-method status="PASS" signature="Stores()[pri:7, instance:com.urbanLadder.testcases.TestRunner@4d0f2471]" name="Stores" duration-ms="3416" started-at="2021-09-27T10:46:21 IST" finished-at="2021-09-27T10:46:25 IST">
          <reporter-output>
          </reporter-output>
        </test-method> <!-- Stores -->
        <test-method status="PASS" signature="clickingOnDecorIcon()[pri:8, instance:com.urbanLadder.testcases.TestRunner@4d0f2471]" name="clickingOnDecorIcon" duration-ms="1082" started-at="2021-09-27T10:46:25 IST" finished-at="2021-09-27T10:46:26 IST">
          <reporter-output>
          </reporter-output>
        </test-method> <!-- clickingOnDecorIcon -->
        <test-method status="PASS" signature="teardown()[pri:0, instance:com.urbanLadder.testcases.TestRunner@4d0f2471]" name="teardown" is-config="true" duration-ms="61" started-at="2021-09-27T10:46:26 IST" finished-at="2021-09-27T10:46:26 IST">
          <reporter-output>
          </reporter-output>
        </test-method> <!-- teardown -->
      </class> <!-- com.urbanLadder.testcases.TestRunner -->
    </test> <!-- validatingHomePage -->
  </suite> <!-- Suite -->
</testng-results>
